<?xml version="1.0" encoding="UTF-8"?>
<!-- Generated by org.testng.reporters.JUnitReportReporter -->
<testsuite skipped="0" hostname="DESKTOP-55CP3G6" name="com.fb.randomdata.test.stepDefinition" tests="1" failures="0" timestamp="24 Mar 2019 00:24:23 GMT" time="50.826" errors="0">
  <testcase name="i_am_in_Facebook_login_page" time="50.826" classname="com.fb.randomdata.test.stepDefinition"/>
</testsuite> <!-- com.fb.randomdata.test.stepDefinition -->
