<?xml version="1.0" encoding="UTF-8"?>
<!-- Generated by org.testng.reporters.JUnitReportReporter -->
<testsuite skipped="0" hostname="DESKTOP-55CP3G6" name="com.fb.runner.TestRunner" tests="1" failures="0" timestamp="24 Mar 2019 08:14:57 GMT" time="45.491" errors="0">
  <testcase name="feature" time="45.491" classname="com.fb.runner.TestRunner"/>
</testsuite> <!-- com.fb.runner.TestRunner -->
