<?xml version="1.0" encoding="UTF-8"?>
<!-- Generated by org.testng.reporters.JUnitReportReporter -->
<testsuite skipped="0" hostname="DESKTOP-55CP3G6" name="com.divya.automationcucumber.runner.TestRunner" tests="1" failures="0" timestamp="24 Mar 2019 13:18:26 GMT" time="43.216" errors="0">
  <testcase name="feature" time="43.216" classname="com.divya.automationcucumber.runner.TestRunner"/>
</testsuite> <!-- com.divya.automationcucumber.runner.TestRunner -->
