<?xml version="1.0" encoding="UTF-8"?>
<!-- Generated by org.testng.reporters.JUnitReportReporter -->
<testsuite skipped="0" hostname="DESKTOP-55CP3G6" name="com.fb.randomdata.test.TestRunner" tests="1" failures="0" timestamp="24 Mar 2019 00:25:34 GMT" time="0.014" errors="0">
  <testcase name="feature" time="0.014" classname="com.fb.randomdata.test.TestRunner"/>
</testsuite> <!-- com.fb.randomdata.test.TestRunner -->
